2025-08-05 08:19:05,375 - src.base.trainer - INFO - the number of parameters: 196683
2025-08-05 08:22:46,941 - src.base.trainer - INFO - the number of parameters: 196683
2025-08-05 08:22:50,661 - src.base.trainer - INFO - start training !!!!!
2025-08-05 08:25:15,832 - src.base.trainer - INFO - the number of parameters: 196683
2025-08-05 08:25:19,421 - src.base.trainer - INFO - start training !!!!!
2025-08-05 08:27:36,306 - src.base.trainer - INFO - the number of parameters: 196683
2025-08-05 08:27:39,870 - src.base.trainer - INFO - start training !!!!!
2025-08-05 08:30:38,081 - src.base.trainer - INFO - epoch complete
2025-08-05 08:30:38,081 - src.base.trainer - INFO - evaluating now!
2025-08-05 08:30:40,903 - src.base.trainer - INFO - Epoch [0/100] (1521) train_mae: 20.3011, val_mae: 16.4164, lr: 0.001000, 178.2s
2025-08-05 08:30:40,910 - src.base.trainer - INFO - Val loss decrease from inf to 16.4164, saving to True
2025-08-05 08:33:38,218 - src.base.trainer - INFO - epoch complete
2025-08-05 08:33:38,218 - src.base.trainer - INFO - evaluating now!
2025-08-05 08:33:41,047 - src.base.trainer - INFO - Epoch [1/100] (3042) train_mae: 16.4330, val_mae: 14.7799, lr: 0.001000, 177.3s
2025-08-05 08:33:41,053 - src.base.trainer - INFO - Val loss decrease from 16.4164 to 14.7799, saving to True
2025-08-05 08:36:38,386 - src.base.trainer - INFO - epoch complete
2025-08-05 08:36:38,386 - src.base.trainer - INFO - evaluating now!
2025-08-05 08:36:41,216 - src.base.trainer - INFO - Epoch [2/100] (4563) train_mae: 14.8424, val_mae: 13.3874, lr: 0.001000, 177.3s
2025-08-05 08:36:41,223 - src.base.trainer - INFO - Val loss decrease from 14.7799 to 13.3874, saving to True
2025-08-05 08:39:38,635 - src.base.trainer - INFO - epoch complete
2025-08-05 08:39:38,636 - src.base.trainer - INFO - evaluating now!
2025-08-05 08:39:41,463 - src.base.trainer - INFO - Epoch [3/100] (6084) train_mae: 13.8931, val_mae: 13.0935, lr: 0.001000, 177.4s
2025-08-05 08:39:41,469 - src.base.trainer - INFO - Val loss decrease from 13.3874 to 13.0935, saving to True
2025-08-05 08:42:38,961 - src.base.trainer - INFO - epoch complete
2025-08-05 08:42:38,962 - src.base.trainer - INFO - evaluating now!
2025-08-05 08:42:41,786 - src.base.trainer - INFO - Epoch [4/100] (7605) train_mae: 13.3293, val_mae: 13.5869, lr: 0.001000, 177.5s
2025-08-05 08:45:38,910 - src.base.trainer - INFO - epoch complete
2025-08-05 08:45:38,911 - src.base.trainer - INFO - evaluating now!
2025-08-05 08:45:41,740 - src.base.trainer - INFO - Epoch [5/100] (9126) train_mae: 12.9614, val_mae: 12.5229, lr: 0.001000, 177.1s
2025-08-05 08:45:41,747 - src.base.trainer - INFO - Val loss decrease from 13.0935 to 12.5229, saving to True
2025-08-05 08:48:38,673 - src.base.trainer - INFO - epoch complete
2025-08-05 08:48:38,673 - src.base.trainer - INFO - evaluating now!
2025-08-05 08:48:41,501 - src.base.trainer - INFO - Epoch [6/100] (10647) train_mae: 12.7472, val_mae: 12.8378, lr: 0.001000, 176.9s
2025-08-05 08:51:38,488 - src.base.trainer - INFO - epoch complete
2025-08-05 08:51:38,488 - src.base.trainer - INFO - evaluating now!
2025-08-05 08:51:41,311 - src.base.trainer - INFO - Epoch [7/100] (12168) train_mae: 12.5150, val_mae: 12.5399, lr: 0.001000, 177.0s
